<testsuites disabled="0" errors="0" failures="0" name="AllTests" random_seed="72989" tests="3" time="0.006" timestamp="2020-06-12T21:02:23">
  <testsuite disabled="0" errors="0" failures="0" name="ConfigStoreTests" tests="3" time="0.006">
    <testcase classname="ConfigStoreTests" name="WriterCanAddEntryToFile" status="run" time="0.003" />
    <testcase classname="ConfigStoreTests" name="WriterCanCreateFile" status="run" time="0.002" />
    <testcase classname="ConfigStoreTests" name="DeleteTempFile" status="run" time="0.001" />
  </testsuite>
</testsuites>